<?xml version="1.0" encoding="UTF-8" ?>
<testsuite tests="1" failures="0" name="br.jus.jfsp.teste.angular.AppTest" time="0.002" errors="0" skipped="0">
  <properties>
    <property name="java.runtime.name" value="Java(TM) SE Runtime Environment"/>
    <property name="java.vm.version" value="12.0.1+12"/>
    <property name="sun.boot.library.path" value="/usr/lib/jvm/jdk-12.0.1/lib"/>
    <property name="maven.multiModuleProjectDirectory" value="/home/rodrigo/Documents/workspace-spring-tool-suite-4-4.2.1.RELEASE/teste.angular"/>
    <property name="java.vm.vendor" value="Oracle Corporation"/>
    <property name="java.vendor.url" value="https://java.oracle.com/"/>
    <property name="java.rmi.server.randomIDs" value="true"/>
    <property name="guice.disable.misplaced.annotation.check" value="true"/>
    <property name="path.separator" value=":"/>
    <property name="java.vm.name" value="Java HotSpot(TM) 64-Bit Server VM"/>
    <property name="user.country" value="BR"/>
    <property name="sun.java.launcher" value="SUN_STANDARD"/>
    <property name="java.vm.specification.name" value="Java Virtual Machine Specification"/>
    <property name="user.dir" value="/home/rodrigo/Documents/workspace-spring-tool-suite-4-4.2.1.RELEASE/teste.angular"/>
    <property name="java.vm.compressedOopsMode" value="32-bit"/>
    <property name="java.runtime.version" value="12.0.1+12"/>
    <property name="java.awt.graphicsenv" value="sun.awt.X11GraphicsEnvironment"/>
    <property name="os.arch" value="amd64"/>
    <property name="java.io.tmpdir" value="/tmp"/>
    <property name="line.separator" value="
"/>
    <property name="java.vm.specification.vendor" value="Oracle Corporation"/>
    <property name="os.name" value="Linux"/>
    <property name="classworlds.conf" value="/home/rodrigo/Documents/workspace-spring-tool-suite-4-4.2.1.RELEASE/.metadata/.plugins/org.eclipse.m2e.launching/launches/m2conf18106082111831150130.tmp"/>
    <property name="jansi.force" value="true"/>
    <property name="sun.jnu.encoding" value="UTF-8"/>
    <property name="java.library.path" value="/usr/java/packages/lib:/usr/lib64:/lib64:/lib:/usr/lib"/>
    <property name="jdk.debug" value="release"/>
    <property name="java.class.version" value="56.0"/>
    <property name="java.specification.name" value="Java Platform API Specification"/>
    <property name="sun.management.compiler" value="HotSpot 64-Bit Tiered Compilers"/>
    <property name="os.version" value="4.15.0-20-generic"/>
    <property name="user.home" value="/home/rodrigo"/>
    <property name="user.timezone" value="America/Sao_Paulo"/>
    <property name="file.encoding" value="UTF-8"/>
    <property name="java.specification.version" value="12"/>
    <property name="user.name" value="rodrigo"/>
    <property name="java.class.path" value="/home/rodrigo/dsv/sts-4.2.1.RELEASE/plugins/org.eclipse.m2e.maven.runtime_1.11.0.20190220-2117/jars/plexus-classworlds-2.5.2.jar"/>
    <property name="java.vm.specification.version" value="12"/>
    <property name="sun.arch.data.model" value="64"/>
    <property name="sun.java.command" value="org.codehaus.plexus.classworlds.launcher.Launcher -B clean install -Dstyle.color=always"/>
    <property name="java.home" value="/usr/lib/jvm/jdk-12.0.1"/>
    <property name="user.language" value="pt"/>
    <property name="java.specification.vendor" value="Oracle Corporation"/>
    <property name="awt.toolkit" value="sun.awt.X11.XToolkit"/>
    <property name="java.vm.info" value="mixed mode, sharing"/>
    <property name="java.version" value="12.0.1"/>
    <property name="securerandom.source" value="file:/dev/./urandom"/>
    <property name="java.vendor" value="Oracle Corporation"/>
    <property name="maven.home" value="/home/rodrigo/Documents/workspace-spring-tool-suite-4-4.2.1.RELEASE/teste.angular/EMBEDDED"/>
    <property name="style.color" value="always"/>
    <property name="file.separator" value="/"/>
    <property name="java.version.date" value="2019-04-16"/>
    <property name="java.vendor.url.bug" value="https://bugreport.java.com/bugreport/"/>
    <property name="sun.io.unicode.encoding" value="UnicodeLittle"/>
    <property name="sun.cpu.endian" value="little"/>
  </properties>
  <testcase classname="br.jus.jfsp.teste.angular.AppTest" name="testApp" time="0.002"/>
</testsuite>